
> next-website@0.1.0 dev
> next dev

   ▲ Next.js 15.1.5
   - Local:        http://localhost:3000
   - Network:      http://100.70.3.219:3000

 ✓ Starting...
It looks like you're trying to use TypeScript but do not have the required package(s) installed.
Installing dependencies

If you are not trying to use TypeScript, please remove the tsconfig.json file from your package root (and any TypeScript files in your app and pages directories).


Installing devDependencies (yarn):
- typescript
- @types/react
- @types/node

yarn add v1.22.22
info No lockfile found.
[1/4] Resolving packages...
warning eslint@8.57.1: This version is no longer supported. Please see https://eslint.org/version-support for other options.
warning eslint > @humanwhocodes/config-array@0.13.0: Use @eslint/config-array instead
warning eslint > @humanwhocodes/config-array > @humanwhocodes/object-schema@2.0.3: Use @eslint/object-schema instead
warning eslint > file-entry-cache > flat-cache > rimraf@3.0.2: Rimraf versions prior to v4 are no longer supported
warning eslint > file-entry-cache > flat-cache > rimraf > glob@7.2.3: Glob versions prior to v9 are no longer supported
warning eslint > file-entry-cache > flat-cache > rimraf > glob > inflight@1.0.6: This module is not supported, and leaks memory. Do not use it. Check out lru-cache if you want a good and tested way to coalesce async requests by a key value, which is much more comprehensive and powerful.
[2/4] Fetching packages...
error cheerio@1.1.2: The engine "node" is incompatible with this module. Expected version ">=20.18.1". Got "20.12.2"
error Found incompatible module.
info Visit https://yarnpkg.com/en/docs/cli/add for documentation about this command.
Failed to install required TypeScript dependencies, please install them manually to continue:
yarn add --exact --dev typescript @types/react @types/node

{
  command: 'yarn add --exact --dev typescript @types/react @types/node'
}
[?25h
